#
# A fatal error has been detected by the Java Runtime Environment:
#
#  EXCEPTION_ACCESS_VIOLATION (0xc0000005) at pc=0x00007ffd9c363dc6, pid=28336, tid=28596
#
# JRE version: OpenJDK Runtime Environment (21.0.1+12) (build 21.0.1+12-29)
# Java VM: OpenJDK 64-Bit Server VM (21.0.1+12-29, mixed mode, sharing, tiered, compressed oops, compressed class ptrs, g1 gc, windows-amd64)
# Problematic frame:
# C  [nvoglv64.dll+0xfb3dc6]
#
# No core dump will be written. Minidumps are not enabled by default on client versions of Windows
#
# If you would like to submit a bug report, please visit:
#   https://bugreport.java.com/bugreport/crash.jsp
# The crash happened outside the Java Virtual Machine in native code.
# See problematic frame for where to report the bug.
#

---------------  S U M M A R Y ------------

Command Line: -XX:+ShowCodeDetailsInExceptionMessages -agentlib:jdwp=transport=dt_socket,suspend=y,address=localhost:59237 -javaagent:C:\eclipse\java-2022-09\eclipse\configuration\org.eclipse.osgi\1371\0\.cp\lib\javaagent-shaded.jar -Dfile.encoding=UTF-8 -Dstdout.encoding=UTF-8 -Dstderr.encoding=UTF-8 com.avogine.solitavo.Solitavo

Host: AMD Ryzen 7 5800X 8-Core Processor             , 16 cores, 31G,  Windows 10 , 64 bit Build 19041 (10.0.19041.3636)
Time: Sat Feb  3 12:43:13 2024 US Eastern Standard Time elapsed time: 1.710241 seconds (0d 0h 0m 1s)

---------------  T H R E A D  ---------------

Current thread (0x000001c30f02bfb0):  JavaThread "GAME_LOOP_THREAD"        [_thread_in_native, id=28596, stack(0x000000b585a00000,0x000000b585b00000) (1024K)]

Stack: [0x000000b585a00000,0x000000b585b00000],  sp=0x000000b585afef78,  free space=1019k
Native frames: (J=compiled Java code, j=interpreted, Vv=VM code, C=native code)
C  [nvoglv64.dll+0xfb3dc6]

Java frames: (J=compiled Java code, j=interpreted, Vv=VM code)
j  org.lwjgl.opengl.GL11C.nglDrawElements(IIIJ)V+0
j  org.lwjgl.opengl.GL11C.glDrawElements(IIIJ)V+4
j  org.lwjgl.opengl.GL11.glDrawElements(IIIJ)V+4
j  com.avogine.solitavo.scene.render.SpriteRenderer.drawSprite(Lorg/joml/Vector2f;Lorg/joml/Vector2f;I)V+78
j  com.avogine.solitavo.scene.KlondikeScene.onRender(Lcom/avogine/io/Window;)V+55
j  com.avogine.game.Game.render()V+15
j  com.avogine.Avogine.render()V+11
j  com.avogine.Avogine.loop()V+97
j  com.avogine.Avogine.run()V+5
j  java.lang.Thread.runWith(Ljava/lang/Object;Ljava/lang/Runnable;)V+5 java.base@21.0.1
j  java.lang.Thread.run()V+19 java.base@21.0.1
v  ~StubRoutines::call_stub 0x000001c2b48f100d

siginfo: EXCEPTION_ACCESS_VIOLATION (0xc0000005), reading address 0x0000000000000000


Registers:
RAX=0x000001c314263f5c, RBX=0x000001c314263f40, RCX=0x000001c314263f5c, RDX=0x0000000000000000
RSP=0x000000b585afef78, RBP=0x000000000000003c, RSI=0x0000000000000004, RDI=0x000001c314ee9080
R8 =0x0000000000000010, R9 =0x000001c314263f40, R10=0x00007ffd9b3b0000, R11=0x0000000000000004
R12=0x0000000000000004, R13=0x0000000000001405, R14=0x0000000000000010, R15=0x0000000000000000
RIP=0x00007ffd9c363dc6, EFLAGS=0x0000000000010287


Register to memory mapping:

RAX=0x000001c314263f5c points into unknown readable memory: 79 a0 3d 5d
RBX=0x000001c314263f40 points into unknown readable memory: 0x000000040001e006 | 06 e0 01 00 04 00 00 00
RCX=0x000001c314263f5c points into unknown readable memory: 79 a0 3d 5d
RDX=0x0 is null
RSP=0x000000b585afef78 is pointing into the stack for thread: 0x000001c30f02bfb0
RBP=0x000000000000003c is an unknown value
RSI=0x0000000000000004 is an unknown value
RDI=0x000001c314ee9080 points into unknown readable memory: 0x0000000000000000 | 00 00 00 00 00 00 00 00
R8 =0x0000000000000010 is an unknown value
R9 =0x000001c314263f40 points into unknown readable memory: 0x000000040001e006 | 06 e0 01 00 04 00 00 00
R10=0x00007ffd9b3b0000 nvoglv64.dll
R11=0x0000000000000004 is an unknown value
R12=0x0000000000000004 is an unknown value
R13=0x0000000000001405 is an unknown value
R14=0x0000000000000010 is an unknown value
R15=0x0 is null

Top of Stack: (sp=0x000000b585afef78)
0x000000b585afef78:   00007ffd9b8cfadc 000000062083c840
0x000000b585afef88:   000001c30c1afbd8 000000b585aff0a0
0x000000b585afef98:   00007ffdc8f46675 000001c2b494d3a5
0x000000b585afefa8:   000000000017555d 000001c30f02bfb0
0x000000b585afefb8:   00007ffdc91e78df 000001c30c1afbd8
0x000000b585afefc8:   000001c30f02bfb0 000001c2b48f919a
0x000000b585afefd8:   000001c2b4900419 000001c30f02bfb0
0x000000b585afefe8:   000001c30c1afbd8 0000000000000000
0x000000b585afeff8:   000001c2b48f919a 000000062083c840
0x000000b585aff008:   000001c2b4900716 000000b585aff0a0
0x000000b585aff018:   000000b585aff000 000000b585aff0e0
0x000000b585aff028:   000001c30c1afbd8 000001c300001405
0x000000b585aff038:   0000000000000000 000001c2b48f919a
0x000000b585aff048:   00007ffdc91e78df 000001c2b490001f
0x000000b585aff058:   000000b585aff058 000001c30c1afbd8
0x000000b585aff068:   0000000000000008 000001c30c1bb118
0x000000b585aff078:   0000000000000000 0000000620aaf2b0
0x000000b585aff088:   000001c30c1afbd8 0000000000000000
0x000000b585aff098:   000000b585aff0c0 000000b585aff130
0x000000b585aff0a8:   000001c2b48f919a 0000000620aaf2b0
0x000000b585aff0b8:   000001c2b48fc697 0000000000000000
0x000000b585aff0c8:   0000000000000000 0000000000001405
0x000000b585aff0d8:   0000000000000004 0000000000000004
0x000000b585aff0e8:   000000b585aff0e8 000001c30c1afc7c
0x000000b585aff0f8:   0000000000000006 000001c30c1bb118
0x000000b585aff108:   0000000000000000 0000000620aaf2b0
0x000000b585aff118:   000001c30c1afcc0 000000b585aff0c0
0x000000b585aff128:   000000b585aff140 000000b585aff1b0
0x000000b585aff138:   000001c2b48f919a 0000000000000000
0x000000b585aff148:   0000000000000000 0000000000001405
0x000000b585aff158:   0000000000000004 0000000000000004
0x000000b585aff168:   000000b585aff168 000001c30c182bac 

Instructions: (pc=0x00007ffd9c363dc6)
0x00007ffd9c363cc6:   c5 02 4d 03 ca 41 ff e1 c3 90 4c 8b 02 8b 4a 08
0x00007ffd9c363cd6:   44 0f b7 4a 0c 44 0f b6 52 0e 4c 89 00 89 48 08
0x00007ffd9c363ce6:   66 44 89 48 0c 44 88 50 0e c3 4c 8b 02 0f b7 4a
0x00007ffd9c363cf6:   08 44 0f b6 4a 0a 4c 89 00 66 89 48 08 44 88 48
0x00007ffd9c363d06:   0a c3 0f b7 0a 66 89 08 c3 90 8b 0a 44 0f b7 42
0x00007ffd9c363d16:   04 44 0f b6 4a 06 89 08 66 44 89 40 04 44 88 48
0x00007ffd9c363d26:   06 c3 4c 8b 02 8b 4a 08 44 0f b7 4a 0c 4c 89 00
0x00007ffd9c363d36:   89 48 08 66 44 89 48 0c c3 0f b7 0a 44 0f b6 42
0x00007ffd9c363d46:   02 66 89 08 44 88 40 02 c3 90 4c 8b 02 8b 4a 08
0x00007ffd9c363d56:   44 0f b6 4a 0c 4c 89 00 89 48 08 44 88 48 0c c3
0x00007ffd9c363d66:   4c 8b 02 0f b7 4a 08 4c 89 00 66 89 48 08 c3 4c
0x00007ffd9c363d76:   8b 02 0f b6 4a 08 4c 89 00 88 48 08 c3 4c 8b 02
0x00007ffd9c363d86:   8b 4a 08 4c 89 00 89 48 08 c3 8b 0a 44 0f b7 42
0x00007ffd9c363d96:   04 89 08 66 44 89 40 04 c3 8b 0a 44 0f b6 42 04
0x00007ffd9c363da6:   89 08 44 88 40 04 c3 48 8b 0a 48 89 08 c3 0f b6
0x00007ffd9c363db6:   0a 88 08 c3 8b 0a 89 08 c3 90 49 83 f8 20 77 17
0x00007ffd9c363dc6:   f3 0f 6f 0a f3 42 0f 6f 54 02 f0 f3 0f 7f 09 f3
0x00007ffd9c363dd6:   42 0f 7f 54 01 f0 c3 48 3b d1 73 0e 4e 8d 0c 02
0x00007ffd9c363de6:   49 3b c9 0f 82 41 04 00 00 90 83 3d 69 bc a9 01
0x00007ffd9c363df6:   03 0f 82 e3 02 00 00 49 81 f8 00 20 00 00 76 16
0x00007ffd9c363e06:   49 81 f8 00 00 18 00 77 0d f6 05 ce 2a ba 01 02
0x00007ffd9c363e16:   0f 85 64 fe ff ff c5 fe 6f 02 c4 a1 7e 6f 6c 02
0x00007ffd9c363e26:   e0 49 81 f8 00 01 00 00 0f 86 c4 00 00 00 4c 8b
0x00007ffd9c363e36:   c9 49 83 e1 1f 49 83 e9 20 49 2b c9 49 2b d1 4d
0x00007ffd9c363e46:   03 c1 49 81 f8 00 01 00 00 0f 86 a3 00 00 00 49
0x00007ffd9c363e56:   81 f8 00 00 18 00 0f 87 3e 01 00 00 66 66 66 66
0x00007ffd9c363e66:   66 66 0f 1f 84 00 00 00 00 00 c5 fe 6f 0a c5 fe
0x00007ffd9c363e76:   6f 52 20 c5 fe 6f 5a 40 c5 fe 6f 62 60 c5 fd 7f
0x00007ffd9c363e86:   09 c5 fd 7f 51 20 c5 fd 7f 59 40 c5 fd 7f 61 60
0x00007ffd9c363e96:   c5 fe 6f 8a 80 00 00 00 c5 fe 6f 92 a0 00 00 00
0x00007ffd9c363ea6:   c5 fe 6f 9a c0 00 00 00 c5 fe 6f a2 e0 00 00 00
0x00007ffd9c363eb6:   c5 fd 7f 89 80 00 00 00 c5 fd 7f 91 a0 00 00 00 


Stack slot to memory mapping:

stack at sp + 0 slots: 0x00007ffd9b8cfadc nvoglv64.dll
stack at sp + 1 slots: 0x000000062083c840 is an oop: org.lwjgl.system.MemoryStack 
{0x000000062083c840} - klass: 'org/lwjgl/system/MemoryStack'
 - ---- fields (total size 5 words):
 - protected 'address' 'J' @16  1937353766912 (0x000001c313487800)
 - private final 'size' 'I' @12  65536 (0x00010000)
 - private 'pointer' 'I' @24  65536 (0x00010000)
 - protected 'frameIndex' 'I' @28  0 (0x00000000)
 - private final 'container' 'Ljava/nio/ByteBuffer;' @32  a 'java/nio/DirectByteBuffer'{0x000000062083d218} (0xc4107a43)
 - private 'frames' '[I' @36  [I{0x000000062083d258} (0xc4107a4b)
stack at sp + 2 slots: {method} {0x000001c30c1afbe0} 'nglDrawElements' '(IIIJ)V' in 'org/lwjgl/opengl/GL11C'
stack at sp + 3 slots: 0x000000b585aff0a0 is pointing into the stack for thread: 0x000001c30f02bfb0
stack at sp + 4 slots: 0x00007ffdc8f46675 jvm.dll
stack at sp + 5 slots: 0x000001c2b494d3a5 is at code_begin+5413 in 
[CodeBlob (0x000001c2b494be10)]
Framesize: 0
BufferBlob (0x000001c2b494be10) used for native signature handlers
stack at sp + 6 slots: 0x000000000017555d is an unknown value
stack at sp + 7 slots: 0x000001c30f02bfb0 is a thread


---------------  P R O C E S S  ---------------

Threads class SMR info:
_java_thread_list=0x000001c310de84f0, length=21, elements={
0x000001c30f0123d0, 0x000001c30f0140a0, 0x000001c30f016a20, 0x000001c30f019710,
0x000001c30f01c920, 0x000001c30f02d9f0, 0x000001c30f034310, 0x000001c30f0202f0,
0x000001c30f02e080, 0x000001c30f148d00, 0x000001c30f14dd50, 0x000001c30f14e990,
0x000001c30f27a850, 0x000001c30f255900, 0x000001c30f255f80, 0x000001c30f02ccd0,
0x000001c30f02bfb0, 0x000001c30f02c640, 0x000001c313623860, 0x000001c3136bad00,
0x000001c31abd4eb0
}

Java Threads: ( => current thread )
  0x000001c30f0123d0 JavaThread "Reference Handler"          daemon [_thread_blocked, id=22608, stack(0x000000b583c00000,0x000000b583d00000) (1024K)]
  0x000001c30f0140a0 JavaThread "Finalizer"                  daemon [_thread_blocked, id=28592, stack(0x000000b583d00000,0x000000b583e00000) (1024K)]
  0x000001c30f016a20 JavaThread "Signal Dispatcher"          daemon [_thread_blocked, id=8812, stack(0x000000b583e00000,0x000000b583f00000) (1024K)]
  0x000001c30f019710 JavaThread "Attach Listener"            daemon [_thread_blocked, id=11076, stack(0x000000b583f00000,0x000000b584000000) (1024K)]
  0x000001c30f01c920 JavaThread "Service Thread"             daemon [_thread_blocked, id=14724, stack(0x000000b584000000,0x000000b584100000) (1024K)]
  0x000001c30f02d9f0 JavaThread "Monitor Deflation Thread"   daemon [_thread_blocked, id=23172, stack(0x000000b584100000,0x000000b584200000) (1024K)]
  0x000001c30f034310 JavaThread "C2 CompilerThread0"         daemon [_thread_in_native, id=26760, stack(0x000000b584200000,0x000000b584300000) (1024K)]
  0x000001c30f0202f0 JavaThread "C1 CompilerThread0"         daemon [_thread_blocked, id=4692, stack(0x000000b584300000,0x000000b584400000) (1024K)]
  0x000001c30f02e080 JavaThread "Common-Cleaner"             daemon [_thread_blocked, id=12400, stack(0x000000b584400000,0x000000b584500000) (1024K)]
  0x000001c30f148d00 JavaThread "C1 CompilerThread1"         daemon [_thread_blocked, id=25452, stack(0x000000b584500000,0x000000b584600000) (1024K)]
  0x000001c30f14dd50 JavaThread "C1 CompilerThread2"         daemon [_thread_blocked, id=1876, stack(0x000000b584600000,0x000000b584700000) (1024K)]
  0x000001c30f14e990 JavaThread "C1 CompilerThread3"         daemon [_thread_blocked, id=11100, stack(0x000000b584700000,0x000000b584800000) (1024K)]
  0x000001c30f27a850 JavaThread "JDWP Transport Listener: dt_socket" daemon [_thread_blocked, id=7388, stack(0x000000b584800000,0x000000b584900000) (1024K)]
  0x000001c30f255900 JavaThread "JDWP Event Helper Thread"   daemon [_thread_blocked, id=27944, stack(0x000000b584900000,0x000000b584a00000) (1024K)]
  0x000001c30f255f80 JavaThread "JDWP Command Reader"        daemon [_thread_in_native, id=28140, stack(0x000000b584a00000,0x000000b584b00000) (1024K)]
  0x000001c30f02ccd0 JavaThread "Notification Thread"        daemon [_thread_blocked, id=26716, stack(0x000000b584c00000,0x000000b584d00000) (1024K)]
=>0x000001c30f02bfb0 JavaThread "GAME_LOOP_THREAD"                  [_thread_in_native, id=28596, stack(0x000000b585a00000,0x000000b585b00000) (1024K)]
  0x000001c30f02c640 JavaThread "DestroyJavaVM"                     [_thread_blocked, id=3412, stack(0x000000b583400000,0x000000b583500000) (1024K)]
  0x000001c313623860 JavaThread "Timer-0"                           [_thread_blocked, id=11420, stack(0x000000b586400000,0x000000b586500000) (1024K)]
  0x000001c3136bad00 JavaThread "C2 CompilerThread1"         daemon [_thread_blocked, id=11568, stack(0x000000b586500000,0x000000b586600000) (1024K)]
  0x000001c31abd4eb0 JavaThread "C2 CompilerThread2"         daemon [_thread_blocked, id=14492, stack(0x000000b586800000,0x000000b586900000) (1024K)]
Total: 21

Other Threads:
  0x000001c2c92b1370 VMThread "VM Thread"                           [id=19748, stack(0x000000b583b00000,0x000000b583c00000) (1024K)]
  0x000001c2c9298570 WatcherThread "VM Periodic Task Thread"        [id=23368, stack(0x000000b583a00000,0x000000b583b00000) (1024K)]
  0x000001c2a5100b40 WorkerThread "GC Thread#0"                     [id=3964, stack(0x000000b583500000,0x000000b583600000) (1024K)]
  0x000001c3104cd980 WorkerThread "GC Thread#1"                     [id=14956, stack(0x000000b584d00000,0x000000b584e00000) (1024K)]
  0x000001c3104cdd20 WorkerThread "GC Thread#2"                     [id=28160, stack(0x000000b584e00000,0x000000b584f00000) (1024K)]
  0x000001c31004b380 WorkerThread "GC Thread#3"                     [id=26032, stack(0x000000b584f00000,0x000000b585000000) (1024K)]
  0x000001c30ff5e480 WorkerThread "GC Thread#4"                     [id=3228, stack(0x000000b585000000,0x000000b585100000) (1024K)]
  0x000001c30ff5f030 WorkerThread "GC Thread#5"                     [id=28448, stack(0x000000b585100000,0x000000b585200000) (1024K)]
  0x000001c30ff5fbe0 WorkerThread "GC Thread#6"                     [id=23596, stack(0x000000b585200000,0x000000b585300000) (1024K)]
  0x000001c3100395b0 WorkerThread "GC Thread#7"                     [id=13992, stack(0x000000b585300000,0x000000b585400000) (1024K)]
  0x000001c310039950 WorkerThread "GC Thread#8"                     [id=12668, stack(0x000000b585400000,0x000000b585500000) (1024K)]
  0x000001c31003a0f0 WorkerThread "GC Thread#9"                     [id=2712, stack(0x000000b585500000,0x000000b585600000) (1024K)]
  0x000001c31003a490 WorkerThread "GC Thread#10"                    [id=17748, stack(0x000000b585600000,0x000000b585700000) (1024K)]
  0x000001c30fe56b90 WorkerThread "GC Thread#11"                    [id=15820, stack(0x000000b585700000,0x000000b585800000) (1024K)]
  0x000001c31370d6b0 WorkerThread "GC Thread#12"                    [id=28264, stack(0x000000b584b00000,0x000000b584c00000) (1024K)]
  0x000001c2a51123b0 ConcurrentGCThread "G1 Main Marker"            [id=21496, stack(0x000000b583600000,0x000000b583700000) (1024K)]
  0x000001c2a5112eb0 WorkerThread "G1 Conc#0"                       [id=1256, stack(0x000000b583700000,0x000000b583800000) (1024K)]
  0x000001c31370cf70 WorkerThread "G1 Conc#1"                       [id=28444, stack(0x000000b586600000,0x000000b586700000) (1024K)]
  0x000001c31370c830 WorkerThread "G1 Conc#2"                       [id=2936, stack(0x000000b586700000,0x000000b586800000) (1024K)]
  0x000001c2c915df70 ConcurrentGCThread "G1 Refine#0"               [id=28288, stack(0x000000b583800000,0x000000b583900000) (1024K)]
  0x000001c2c915eae0 ConcurrentGCThread "G1 Service"                [id=4240, stack(0x000000b583900000,0x000000b583a00000) (1024K)]
Total: 21

Threads with active compile tasks:
C2 CompilerThread0     1822 2641       4       org.eclipse.jdt.launching.internal.org.objectweb.asm.ClassReader::accept (1412 bytes)
Total: 1

VM state: not at safepoint (normal execution)

VM Mutex/Monitor currently owned by a thread: None

Heap address: 0x0000000601800000, size: 8168 MB, Compressed Oops mode: Zero based, Oop shift amount: 3

CDS archive(s) mapped at: [0x000001c2ca000000-0x000001c2cac90000-0x000001c2cac90000), size 13172736, SharedBaseAddress: 0x000001c2ca000000, ArchiveRelocationMode: 1.
Compressed class space mapped at: 0x000001c2cb000000-0x000001c30b000000, reserved size: 1073741824
Narrow klass base: 0x000001c2ca000000, Narrow klass shift: 0, Narrow klass range: 0x100000000

GC Precious Log:
 CardTable entry size: 512
 Card Set container configuration: InlinePtr #cards 4 size 8 Array Of Cards #cards 32 size 80 Howl #buckets 8 coarsen threshold 7372 Howl Bitmap #cards 1024 size 144 coarsen threshold 921 Card regions per heap region 1 cards per card region 8192
 CPUs: 16 total, 16 available
 Memory: 32671M
 Large Page Support: Disabled
 NUMA Support: Disabled
 Compressed Oops: Enabled (Zero based)
 Heap Region Size: 4M
 Heap Min Capacity: 8M
 Heap Initial Capacity: 512M
 Heap Max Capacity: 8168M
 Pre-touch: Disabled
 Parallel Workers: 13
 Concurrent Workers: 3
 Concurrent Refinement Workers: 13
 Periodic GC: Disabled

Heap:
 garbage-first heap   total 40960K, used 14854K [0x0000000601800000, 0x0000000800000000)
  region size 4096K, 5 young (20480K), 2 survivors (8192K)
 Metaspace       used 22526K, committed 22912K, reserved 1114112K
  class space    used 2033K, committed 2240K, reserved 1048576K

Heap Regions: E=young(eden), S=young(survivor), O=old, HS=humongous(starts), HC=humongous(continues), CS=collection set, F=free, TAMS=top-at-mark-start, PB=parsable bottom
|   0|0x0000000601800000, 0x0000000601800000, 0x0000000601c00000|  0%| F|  |TAMS 0x0000000601800000| PB 0x0000000601800000| Untracked 
|   1|0x0000000601c00000, 0x0000000601c00000, 0x0000000602000000|  0%| F|  |TAMS 0x0000000601c00000| PB 0x0000000601c00000| Untracked 
|   2|0x0000000602000000, 0x0000000602000000, 0x0000000602400000|  0%| F|  |TAMS 0x0000000602000000| PB 0x0000000602000000| Untracked 
|   3|0x0000000602400000, 0x0000000602400000, 0x0000000602800000|  0%| F|  |TAMS 0x0000000602400000| PB 0x0000000602400000| Untracked 
|   4|0x0000000602800000, 0x0000000602800000, 0x0000000602c00000|  0%| F|  |TAMS 0x0000000602800000| PB 0x0000000602800000| Untracked 
|   5|0x0000000602c00000, 0x0000000602dd4ba8, 0x0000000603000000| 45%| E|  |TAMS 0x0000000602c00000| PB 0x0000000602c00000| Complete 
|   6|0x0000000603000000, 0x0000000603400000, 0x0000000603400000|100%| E|CS|TAMS 0x0000000603000000| PB 0x0000000603000000| Complete 
| 123|0x0000000620400000, 0x0000000620681a00, 0x0000000620800000| 62%| S|CS|TAMS 0x0000000620400000| PB 0x0000000620400000| Complete 
| 124|0x0000000620800000, 0x0000000620c00000, 0x0000000620c00000|100%| S|CS|TAMS 0x0000000620800000| PB 0x0000000620800000| Complete 
| 127|0x0000000621400000, 0x0000000621800000, 0x0000000621800000|100%| E|CS|TAMS 0x0000000621400000| PB 0x0000000621400000| Complete 

Card table byte_map: [0x000001c2bdd20000,0x000001c2bed20000] _byte_map_base: 0x000001c2bad14000

Marking Bits: (CMBitMap*) 0x000001c2a5101240
 Bits: [0x000001c2bed20000, 0x000001c2c6cc0000)

Polling page: 0x000001c2a3060000

Metaspace:

Usage:
  Non-class:     20.01 MB used.
      Class:      1.99 MB used.
       Both:     22.00 MB used.

Virtual space:
  Non-class space:       64.00 MB reserved,      20.19 MB ( 32%) committed,  1 nodes.
      Class space:        1.00 GB reserved,       2.19 MB ( <1%) committed,  1 nodes.
             Both:        1.06 GB reserved,      22.38 MB (  2%) committed. 

Chunk freelists:
   Non-Class:  11.83 MB
       Class:  13.87 MB
        Both:  25.70 MB

MaxMetaspaceSize: unlimited
CompressedClassSpaceSize: 1.00 GB
Initial GC threshold: 21.00 MB
Current GC threshold: 35.31 MB
CDS: on
 - commit_granule_bytes: 65536.
 - commit_granule_words: 8192.
 - virtual_space_node_default_size: 8388608.
 - enlarge_chunks_in_place: 1.
 - use_allocation_guard: 0.


Internal statistics:

num_allocs_failed_limit: 3.
num_arena_births: 350.
num_arena_deaths: 0.
num_vsnodes_births: 2.
num_vsnodes_deaths: 0.
num_space_committed: 356.
num_space_uncommitted: 0.
num_chunks_returned_to_freelist: 3.
num_chunks_taken_from_freelist: 966.
num_chunk_merges: 3.
num_chunk_splits: 698.
num_chunks_enlarged: 522.
num_inconsistent_stats: 0.

CodeHeap 'non-profiled nmethods': size=119168Kb used=1679Kb max_used=1679Kb free=117488Kb
 bounds [0x000001c2b5040000, 0x000001c2b52b0000, 0x000001c2bc4a0000]
CodeHeap 'profiled nmethods': size=119104Kb used=5732Kb max_used=5732Kb free=113371Kb
 bounds [0x000001c2ad4a0000, 0x000001c2ada40000, 0x000001c2b48f0000]
CodeHeap 'non-nmethods': size=7488Kb used=4303Kb max_used=4337Kb free=3184Kb
 bounds [0x000001c2b48f0000, 0x000001c2b4d40000, 0x000001c2b5040000]
 total_blobs=4187 nmethods=2753 adapters=1335
 compilation: enabled
              stopped_count=0, restarted_count=0
 full_count=0

Compilation events (20 events):
Event: 1.686 Thread 0x000001c31abd4eb0 2751       4       jdk.internal.misc.Unsafe::putIntUnaligned (14 bytes)
Event: 1.686 Thread 0x000001c31abd4eb0 nmethod 2751 0x000001c2b51d8c10 code [0x000001c2b51d8da0, 0x000001c2b51d8e38]
Event: 1.686 Thread 0x000001c31abd4eb0 2750       4       java.lang.invoke.MethodType::hashCode (53 bytes)
Event: 1.688 Thread 0x000001c31abd4eb0 nmethod 2750 0x000001c2b51d8f10 code [0x000001c2b51d90c0, 0x000001c2b51d9308]
Event: 1.688 Thread 0x000001c31abd4eb0 2716       4       java.lang.String::lastIndexOf (12 bytes)
Event: 1.688 Thread 0x000001c30f0202f0 2753       3       org.lwjgl.glfw.GLFW::glfwGetKey (22 bytes)
Event: 1.688 Thread 0x000001c30f0202f0 nmethod 2753 0x000001c2ada38110 code [0x000001c2ada382e0, 0x000001c2ada385b0]
Event: 1.690 Thread 0x000001c31abd4eb0 nmethod 2716 0x000001c2b51d9890 code [0x000001c2b51d9a20, 0x000001c2b51d9c58]
Event: 1.690 Thread 0x000001c31abd4eb0 2706       4       java.util.regex.Pattern$Node::match (27 bytes)
Event: 1.690 Thread 0x000001c31abd4eb0 nmethod 2706 0x000001c2b51d9e10 code [0x000001c2b51d9fa0, 0x000001c2b51da0c0]
Event: 1.690 Thread 0x000001c31abd4eb0 2703       4       java.lang.Class::getPackageName (81 bytes)
Event: 1.691 Thread 0x000001c30f0202f0 2754       3       java.util.RegularEnumSet::contains (57 bytes)
Event: 1.692 Thread 0x000001c30f148d00 2755       3       java.lang.StackWalker::hasOption (11 bytes)
Event: 1.692 Thread 0x000001c30f0202f0 nmethod 2754 0x000001c2ada38710 code [0x000001c2ada388e0, 0x000001c2ada38d18]
Event: 1.692 Thread 0x000001c30f148d00 nmethod 2755 0x000001c2ada38e90 code [0x000001c2ada39040, 0x000001c2ada39230]
Event: 1.699 Thread 0x000001c31abd4eb0 nmethod 2703 0x000001c2b51da190 code [0x000001c2b51da380, 0x000001c2b51dade8]
Event: 1.699 Thread 0x000001c31abd4eb0 2740       4       jdk.internal.misc.Unsafe::getInt (7 bytes)
Event: 1.699 Thread 0x000001c31abd4eb0 nmethod 2740 0x000001c2b51db410 code [0x000001c2b51db5a0, 0x000001c2b51db630]
Event: 1.699 Thread 0x000001c31abd4eb0 2741       4       jdk.internal.misc.Unsafe::getLong (7 bytes)
Event: 1.700 Thread 0x000001c31abd4eb0 nmethod 2741 0x000001c2b51db710 code [0x000001c2b51db8a0, 0x000001c2b51db930]

GC Heap History (8 events):
Event: 0.324 GC heap before
{Heap before GC invocations=0 (full 0):
 garbage-first heap   total 524288K, used 20480K [0x0000000601800000, 0x0000000800000000)
  region size 4096K, 6 young (24576K), 0 survivors (0K)
 Metaspace       used 4497K, committed 4672K, reserved 1114112K
  class space    used 375K, committed 448K, reserved 1048576K
}
Event: 0.326 GC heap after
{Heap after GC invocations=1 (full 0):
 garbage-first heap   total 524288K, used 2685K [0x0000000601800000, 0x0000000800000000)
  region size 4096K, 1 young (4096K), 1 survivors (4096K)
 Metaspace       used 4497K, committed 4672K, reserved 1114112K
  class space    used 375K, committed 448K, reserved 1048576K
}
Event: 0.511 GC heap before
{Heap before GC invocations=1 (full 0):
 garbage-first heap   total 524288K, used 39549K [0x0000000601800000, 0x0000000800000000)
  region size 4096K, 10 young (40960K), 1 survivors (4096K)
 Metaspace       used 7952K, committed 8128K, reserved 1114112K
  class space    used 759K, committed 832K, reserved 1048576K
}
Event: 0.512 GC heap after
{Heap after GC invocations=2 (full 0):
 garbage-first heap   total 524288K, used 4034K [0x0000000601800000, 0x0000000800000000)
  region size 4096K, 1 young (4096K), 1 survivors (4096K)
 Metaspace       used 7952K, committed 8128K, reserved 1114112K
  class space    used 759K, committed 832K, reserved 1048576K
}
Event: 1.514 GC heap before
{Heap before GC invocations=2 (full 0):
 garbage-first heap   total 524288K, used 77762K [0x0000000601800000, 0x0000000800000000)
  region size 4096K, 20 young (81920K), 1 survivors (4096K)
 Metaspace       used 19798K, committed 20096K, reserved 1114112K
  class space    used 1902K, committed 2048K, reserved 1048576K
}
Event: 1.516 GC heap after
{Heap after GC invocations=3 (full 0):
 garbage-first heap   total 524288K, used 6551K [0x0000000601800000, 0x0000000800000000)
  region size 4096K, 2 young (8192K), 2 survivors (8192K)
 Metaspace       used 19798K, committed 20096K, reserved 1114112K
  class space    used 1902K, committed 2048K, reserved 1048576K
}
Event: 1.627 GC heap before
{Heap before GC invocations=3 (full 0):
 garbage-first heap   total 524288K, used 14743K [0x0000000601800000, 0x0000000800000000)
  region size 4096K, 5 young (20480K), 2 survivors (8192K)
 Metaspace       used 21215K, committed 21504K, reserved 1114112K
  class space    used 1966K, committed 2112K, reserved 1048576K
}
Event: 1.629 GC heap after
{Heap after GC invocations=4 (full 0):
 garbage-first heap   total 524288K, used 6662K [0x0000000601800000, 0x0000000800000000)
  region size 4096K, 2 young (8192K), 2 survivors (8192K)
 Metaspace       used 21215K, committed 21504K, reserved 1114112K
  class space    used 1966K, committed 2112K, reserved 1048576K
}

Dll operation events (17 events):
Event: 0.005 Loaded shared library C:\Program Files\Java\jdk-21.0.1\bin\java.dll
Event: 0.024 Loaded shared library C:\Program Files\Java\jdk-21.0.1\bin\jsvml.dll
Event: 0.108 Loaded shared library C:\Program Files\Java\jdk-21.0.1\bin\zip.dll
Event: 0.110 Loaded shared library C:\Program Files\Java\jdk-21.0.1\bin\instrument.dll
Event: 0.114 Loaded shared library C:\Program Files\Java\jdk-21.0.1\bin\net.dll
Event: 0.114 Loaded shared library C:\Program Files\Java\jdk-21.0.1\bin\nio.dll
Event: 0.117 Loaded shared library C:\Program Files\Java\jdk-21.0.1\bin\zip.dll
Event: 0.181 Loaded shared library C:\Program Files\Java\jdk-21.0.1\bin\jimage.dll
Event: 0.209 Loaded shared library C:\Program Files\Java\jdk-21.0.1\bin\verify.dll
Event: 0.239 Loaded shared library C:\Program Files\Java\jdk-21.0.1\bin\awt.dll
Event: 0.584 Loaded shared library C:\Users\Dominus\AppData\Local\Temp\lwjgl_Dominus\3.3.3+5\x64\lwjgl.dll
Event: 0.784 Loaded shared library C:\Program Files\Java\jdk-21.0.1\bin\management.dll
Event: 0.786 Loaded shared library C:\Program Files\Java\jdk-21.0.1\bin\management_ext.dll
Event: 1.053 Loaded shared library C:\Users\Dominus\AppData\Local\Temp\lwjgl_Dominus\3.3.3+5\x64\lwjgl_nuklear.dll
Event: 1.326 Loaded shared library C:\Users\Dominus\AppData\Local\Temp\lwjgl_Dominus\3.3.3+5\x64\lwjgl_opengl.dll
Event: 1.573 Loaded shared library C:\Users\Dominus\AppData\Local\Temp\lwjgl_Dominus\3.3.3+5\x64\lwjgl_stb.dll
Event: 1.671 Loaded shared library C:\Users\Dominus\AppData\Local\Temp\lwjgl_Dominus\3.3.3+5\x64\lwjgl_par.dll

Deoptimization events (20 events):
Event: 1.574 Thread 0x000001c30f02bfb0 DEOPT PACKING pc=0x000001c2ad9a6bb7 sp=0x000000b585afd510
Event: 1.574 Thread 0x000001c30f02bfb0 DEOPT UNPACKING pc=0x000001c2b4944e42 sp=0x000000b585afc940 mode 0
Event: 1.581 Thread 0x000001c30f02bfb0 Uncommon trap: trap_request=0xffffff5c fr.pc=0x000001c2b51ca6a8 relative=0x0000000000000088
Event: 1.581 Thread 0x000001c30f02bfb0 Uncommon trap: reason=speculate_null_check action=make_not_entrant pc=0x000001c2b51ca6a8 method=jdk.internal.misc.Unsafe.putIntUnaligned(Ljava/lang/Object;JIZ)V @ 10 c2
Event: 1.581 Thread 0x000001c30f02bfb0 DEOPT PACKING pc=0x000001c2b51ca6a8 sp=0x000000b585aff0d0
Event: 1.581 Thread 0x000001c30f02bfb0 DEOPT UNPACKING pc=0x000001c2b49446a2 sp=0x000000b585aff040 mode 2
Event: 1.593 Thread 0x000001c30f02bfb0 DEOPT PACKING pc=0x000001c2ada0c9b1 sp=0x000000b585aff070
Event: 1.593 Thread 0x000001c30f02bfb0 DEOPT UNPACKING pc=0x000001c2b4944e42 sp=0x000000b585afe758 mode 0
Event: 1.593 Thread 0x000001c30f02bfb0 Uncommon trap: trap_request=0xffffff45 fr.pc=0x000001c2b51cc394 relative=0x0000000000000754
Event: 1.593 Thread 0x000001c30f02bfb0 Uncommon trap: reason=unstable_if action=reinterpret pc=0x000001c2b51cc394 method=com.avogine.game.ui.nuklear.NuklearUI.initFont()V @ 191 c2
Event: 1.593 Thread 0x000001c30f02bfb0 DEOPT PACKING pc=0x000001c2b51cc394 sp=0x000000b585aff2c0
Event: 1.593 Thread 0x000001c30f02bfb0 DEOPT UNPACKING pc=0x000001c2b49446a2 sp=0x000000b585aff268 mode 2
Event: 1.661 Thread 0x000001c30f02bfb0 DEOPT PACKING pc=0x000001c2ad9a48e9 sp=0x000000b585afc900
Event: 1.661 Thread 0x000001c30f02bfb0 DEOPT UNPACKING pc=0x000001c2b4944e42 sp=0x000000b585afbe18 mode 0
Event: 1.671 Thread 0x000001c30f02bfb0 DEOPT PACKING pc=0x000001c2ad7ad662 sp=0x000000b585afd4d0
Event: 1.671 Thread 0x000001c30f02bfb0 DEOPT UNPACKING pc=0x000001c2b4944e42 sp=0x000000b585afc968 mode 0
Event: 1.672 Thread 0x000001c30f02bfb0 Uncommon trap: trap_request=0xffffff54 fr.pc=0x000001c2b51cadb0 relative=0x0000000000000090
Event: 1.672 Thread 0x000001c30f02bfb0 Uncommon trap: reason=speculate_null_assert action=make_not_entrant pc=0x000001c2b51cadb0 method=jdk.internal.misc.Unsafe.putIntUnaligned(Ljava/lang/Object;JIZ)V @ 10 c2
Event: 1.672 Thread 0x000001c30f02bfb0 DEOPT PACKING pc=0x000001c2b51cadb0 sp=0x000000b585afd110
Event: 1.672 Thread 0x000001c30f02bfb0 DEOPT UNPACKING pc=0x000001c2b49446a2 sp=0x000000b585afd090 mode 2

Classes loaded (20 events):
Event: 1.676 Loading class sun/security/provider/AbstractHashDrbg done
Event: 1.676 Loading class sun/security/provider/HashDrbg done
Event: 1.676 Loading class sun/security/provider/EntropySource
Event: 1.676 Loading class sun/security/provider/EntropySource done
Event: 1.677 Loading class java/security/DrbgParameters$NextBytes
Event: 1.677 Loading class java/security/DrbgParameters$NextBytes done
Event: 1.677 Loading class sun/security/provider/AbstractDrbg$SeederHolder
Event: 1.677 Loading class sun/security/provider/AbstractDrbg$SeederHolder done
Event: 1.677 Loading class sun/security/provider/SeedGenerator
Event: 1.677 Loading class sun/security/provider/SeedGenerator done
Event: 1.677 Loading class sun/security/provider/NativeSeedGenerator
Event: 1.677 Loading class sun/security/provider/NativeSeedGenerator done
Event: 1.678 Loading class sun/security/provider/SeedGenerator$1
Event: 1.679 Loading class sun/security/provider/SeedGenerator$1 done
Event: 1.680 Loading class java/net/NetworkInterface$1
Event: 1.680 Loading class java/net/NetworkInterface$1 done
Event: 1.680 Loading class java/nio/file/Files$AcceptAllFilter
Event: 1.680 Loading class java/nio/file/Files$AcceptAllFilter done
Event: 1.685 Loading class sun/security/provider/AbstractDrbg$NonceProvider
Event: 1.685 Loading class sun/security/provider/AbstractDrbg$NonceProvider done

Classes unloaded (0 events):
No events

Classes redefined (0 events):
No events

Internal exceptions (20 events):
Event: 1.325 Thread 0x000001c30f02bfb0 Exception <a 'sun/nio/fs/WindowsException'{0x000000061cec8dd0}> (0x000000061cec8dd0) 
thrown [s\open\src\hotspot\share\prims\jni.cpp, line 520]
Event: 1.328 Thread 0x000001c30f02bfb0 Exception <a 'sun/nio/fs/WindowsException'{0x000000061ced40e8}> (0x000000061ced40e8) 
thrown [s\open\src\hotspot\share\prims\jni.cpp, line 520]
Event: 1.328 Thread 0x000001c30f02bfb0 Exception <a 'sun/nio/fs/WindowsException'{0x000000061ced43d8}> (0x000000061ced43d8) 
thrown [s\open\src\hotspot\share\prims\jni.cpp, line 520]
Event: 1.524 Thread 0x000001c30f02bfb0 Exception <a 'sun/nio/fs/WindowsException'{0x0000000621551950}> (0x0000000621551950) 
thrown [s\open\src\hotspot\share\prims\jni.cpp, line 520]
Event: 1.524 Thread 0x000001c30f02bfb0 Exception <a 'sun/nio/fs/WindowsException'{0x0000000621551ce0}> (0x0000000621551ce0) 
thrown [s\open\src\hotspot\share\prims\jni.cpp, line 520]
Event: 1.558 Thread 0x000001c30f02bfb0 Exception <a 'java/lang/NoSuchMethodError'{0x00000006216043d0}: 'java.lang.Object java.lang.invoke.DirectMethodHandle$Holder.newInvokeSpecial(java.lang.Object, long)'> (0x00000006216043d0) 
thrown [s\open\src\hotspot\share\interpreter\linkResolver.cpp, line 773]
Event: 1.568 Thread 0x000001c30f02bfb0 Exception <a 'java/lang/NoSuchMethodError'{0x000000062102b0a8}: 'void java.lang.System.load(java.lang.String, java.lang.Class)'> (0x000000062102b0a8) 
thrown [s\open\src\hotspot\share\interpreter\linkResolver.cpp, line 773]
Event: 1.569 Thread 0x000001c30f02bfb0 Exception <a 'java/lang/NoSuchMethodError'{0x000000062102daa0}: 'void java.lang.System.loadLibrary(java.lang.String, java.lang.Class)'> (0x000000062102daa0) 
thrown [s\open\src\hotspot\share\interpreter\linkResolver.cpp, line 773]
Event: 1.572 Thread 0x000001c30f02bfb0 Exception <a 'sun/nio/fs/WindowsException'{0x0000000621038640}> (0x0000000621038640) 
thrown [s\open\src\hotspot\share\prims\jni.cpp, line 520]
Event: 1.572 Thread 0x000001c30f02bfb0 Exception <a 'sun/nio/fs/WindowsException'{0x00000006210389d0}> (0x00000006210389d0) 
thrown [s\open\src\hotspot\share\prims\jni.cpp, line 520]
Event: 1.596 Thread 0x000001c30f02bfb0 Exception <a 'java/lang/NoSuchMethodError'{0x0000000621114838}: 'java.lang.Object java.lang.invoke.DirectMethodHandle$Holder.newInvokeSpecial(java.lang.Object, java.lang.Object, float)'> (0x0000000621114838) 
thrown [s\open\src\hotspot\share\interpreter\linkResolver.cpp, line 773]
Event: 1.597 Thread 0x000001c30f02bfb0 Exception <a 'java/lang/NoSuchMethodError'{0x0000000621131978}: 'void java.lang.invoke.DirectMethodHandle$Holder.invokeStatic(java.lang.Object, int, java.lang.Object)'> (0x0000000621131978) 
thrown [s\open\src\hotspot\share\interpreter\linkResolver.cpp, line 773]
Event: 1.667 Thread 0x000001c30f02bfb0 Exception <a 'java/lang/NoSuchMethodError'{0x000000060323b0b8}: 'void java.lang.System.load(java.lang.String, java.lang.Class)'> (0x000000060323b0b8) 
thrown [s\open\src\hotspot\share\interpreter\linkResolver.cpp, line 773]
Event: 1.667 Thread 0x000001c30f02bfb0 Exception <a 'java/lang/NoSuchMethodError'{0x000000060323dae0}: 'void java.lang.System.loadLibrary(java.lang.String, java.lang.Class)'> (0x000000060323dae0) 
thrown [s\open\src\hotspot\share\interpreter\linkResolver.cpp, line 773]
Event: 1.670 Thread 0x000001c30f02bfb0 Exception <a 'sun/nio/fs/WindowsException'{0x000000060324c690}> (0x000000060324c690) 
thrown [s\open\src\hotspot\share\prims\jni.cpp, line 520]
Event: 1.670 Thread 0x000001c30f02bfb0 Exception <a 'sun/nio/fs/WindowsException'{0x000000060324ca20}> (0x000000060324ca20) 
thrown [s\open\src\hotspot\share\prims\jni.cpp, line 520]
Event: 1.676 Thread 0x000001c30f02bfb0 Exception <a 'java/lang/NoSuchMethodError'{0x000000060329d318}: 'java.lang.Object java.lang.invoke.DirectMethodHandle$Holder.invokeStaticInit(java.lang.Object, int, int, int, int)'> (0x000000060329d318) 
thrown [s\open\src\hotspot\share\interpreter\linkResolver.cpp, line 773]
Event: 1.684 Thread 0x000001c30f02bfb0 Exception <a 'java/lang/NoSuchMethodError'{0x0000000602c8ce50}: 'java.lang.Object java.lang.invoke.DirectMethodHandle$Holder.invokeStaticInit(java.lang.Object, java.lang.Object, int, int, int, int)'> (0x0000000602c8ce50) 
thrown [s\open\src\hotspot\share\interpreter\linkResolver.cpp, line 773]
Event: 1.692 Thread 0x000001c30f02bfb0 Exception <a 'sun/nio/fs/WindowsException'{0x0000000602d04848}> (0x0000000602d04848) 
thrown [s\open\src\hotspot\share\prims\jni.cpp, line 520]
Event: 1.692 Thread 0x000001c30f02bfb0 Exception <a 'sun/nio/fs/WindowsException'{0x0000000602d049d8}> (0x0000000602d049d8) 
thrown [s\open\src\hotspot\share\prims\jni.cpp, line 520]

ZGC Phase Switch (0 events):
No events

VM Operations (20 events):
Event: 0.644 Executing VM operation: HandshakeAllThreads (Deoptimize)
Event: 0.645 Executing VM operation: HandshakeAllThreads (Deoptimize) done
Event: 0.656 Executing VM operation: HandshakeAllThreads (Deoptimize)
Event: 0.656 Executing VM operation: HandshakeAllThreads (Deoptimize) done
Event: 0.656 Executing VM operation: HandshakeAllThreads (Deoptimize)
Event: 0.656 Executing VM operation: HandshakeAllThreads (Deoptimize) done
Event: 0.861 Executing VM operation: HandshakeAllThreads (Deoptimize)
Event: 0.861 Executing VM operation: HandshakeAllThreads (Deoptimize) done
Event: 0.932 Executing VM operation: ICBufferFull
Event: 0.932 Executing VM operation: ICBufferFull done
Event: 1.513 Executing VM operation: G1CollectForAllocation (G1 Evacuation Pause)
Event: 1.516 Executing VM operation: G1CollectForAllocation (G1 Evacuation Pause) done
Event: 1.566 Executing VM operation: HandshakeAllThreads (Deoptimize)
Event: 1.566 Executing VM operation: HandshakeAllThreads (Deoptimize) done
Event: 1.627 Executing VM operation: CollectForMetadataAllocation (Metadata GC Threshold)
Event: 1.629 Executing VM operation: CollectForMetadataAllocation (Metadata GC Threshold) done
Event: 1.630 Executing VM operation: G1PauseRemark
Event: 1.631 Executing VM operation: G1PauseRemark done
Event: 1.631 Executing VM operation: G1PauseCleanup
Event: 1.632 Executing VM operation: G1PauseCleanup done

Events (20 events):
Event: 0.049 Thread 0x000001c30f02e080 Thread added: 0x000001c30f02e080
Event: 0.053 Thread 0x000001c30f148d00 Thread added: 0x000001c30f148d00
Event: 0.053 Thread 0x000001c30f14dd50 Thread added: 0x000001c30f14dd50
Event: 0.054 Thread 0x000001c30f14e990 Thread added: 0x000001c30f14e990
Event: 0.065 Thread 0x000001c30f27a850 Thread added: 0x000001c30f27a850
Event: 0.065 Thread 0x000001c30f255900 Thread added: 0x000001c30f255900
Event: 0.065 Thread 0x000001c30f255f80 Thread added: 0x000001c30f255f80
Event: 0.189 Thread 0x000001c30f8871a0 Thread added: 0x000001c30f8871a0
Event: 0.205 Thread 0x000001c30f02ccd0 Thread added: 0x000001c30f02ccd0
Event: 0.436 Thread 0x000001c31073f090 Thread added: 0x000001c31073f090
Event: 0.550 Thread 0x000001c31334c1a0 Thread added: 0x000001c31334c1a0
Event: 1.059 Thread 0x000001c30f02bfb0 Thread added: 0x000001c30f02bfb0
Event: 1.059 Thread 0x000001c2a5056b80 Thread exited: 0x000001c2a5056b80
Event: 1.059 Thread 0x000001c30f02c640 Thread added: 0x000001c30f02c640
Event: 1.321 Thread 0x000001c31334c1a0 Thread exited: 0x000001c31334c1a0
Event: 1.321 Thread 0x000001c31073f090 Thread exited: 0x000001c31073f090
Event: 1.322 Thread 0x000001c30f8871a0 Thread exited: 0x000001c30f8871a0
Event: 1.563 Thread 0x000001c313623860 Thread added: 0x000001c313623860
Event: 1.581 Thread 0x000001c3136bad00 Thread added: 0x000001c3136bad00
Event: 1.682 Thread 0x000001c31abd4eb0 Thread added: 0x000001c31abd4eb0


Dynamic libraries:
0x00007ff748a80000 - 0x00007ff748a8e000 	C:\Program Files\Java\jdk-21.0.1\bin\javaw.exe
0x00007ffe89b30000 - 0x00007ffe89d28000 	C:\WINDOWS\SYSTEM32\ntdll.dll
0x00007ffe6da30000 - 0x00007ffe6da49000 	C:\Program Files\AVAST Software\Avast\aswhook.dll
0x00007ffe88100000 - 0x00007ffe881bd000 	C:\WINDOWS\System32\KERNEL32.DLL
0x00007ffe86d50000 - 0x00007ffe87046000 	C:\WINDOWS\System32\KERNELBASE.dll
0x00007ffe86b00000 - 0x00007ffe86c00000 	C:\WINDOWS\System32\ucrtbase.dll
0x00007ffe700b0000 - 0x00007ffe700c8000 	C:\Program Files\Java\jdk-21.0.1\bin\jli.dll
0x00007ffe6e8a0000 - 0x00007ffe6e8bb000 	C:\Program Files\Java\jdk-21.0.1\bin\VCRUNTIME140.dll
0x00007ffe871d0000 - 0x00007ffe8736e000 	C:\WINDOWS\System32\USER32.dll
0x00007ffe86d20000 - 0x00007ffe86d42000 	C:\WINDOWS\System32\win32u.dll
0x00007ffe88690000 - 0x00007ffe886bc000 	C:\WINDOWS\System32\GDI32.dll
0x00007ffe6f710000 - 0x00007ffe6f9aa000 	C:\WINDOWS\WinSxS\amd64_microsoft.windows.common-controls_6595b64144ccf1df_6.0.19041.3636_none_60b6a03d71f818d5\COMCTL32.dll
0x00007ffe87080000 - 0x00007ffe8719a000 	C:\WINDOWS\System32\gdi32full.dll
0x00007ffe86a60000 - 0x00007ffe86afd000 	C:\WINDOWS\System32\msvcp_win.dll
0x00007ffe88df0000 - 0x00007ffe88e8e000 	C:\WINDOWS\System32\msvcrt.dll
0x00007ffe87420000 - 0x00007ffe87450000 	C:\WINDOWS\System32\IMM32.DLL
0x00007ffe82460000 - 0x00007ffe8246c000 	C:\Program Files\Java\jdk-21.0.1\bin\vcruntime140_1.dll
0x00007ffe605c0000 - 0x00007ffe6064e000 	C:\Program Files\Java\jdk-21.0.1\bin\msvcp140.dll
0x00007ffdc8b70000 - 0x00007ffdc9885000 	C:\Program Files\Java\jdk-21.0.1\bin\server\jvm.dll
0x00007ffe88720000 - 0x00007ffe887d3000 	C:\WINDOWS\System32\ADVAPI32.dll
0x00007ffe874e0000 - 0x00007ffe8757f000 	C:\WINDOWS\System32\sechost.dll
0x00007ffe87580000 - 0x00007ffe876a6000 	C:\WINDOWS\System32\RPCRT4.dll
0x00007ffe871a0000 - 0x00007ffe871c7000 	C:\WINDOWS\System32\bcrypt.dll
0x00007ffe891f0000 - 0x00007ffe8925b000 	C:\WINDOWS\System32\WS2_32.dll
0x00007ffe85d60000 - 0x00007ffe85dab000 	C:\WINDOWS\SYSTEM32\POWRPROF.dll
0x00007ffe77950000 - 0x00007ffe77977000 	C:\WINDOWS\SYSTEM32\WINMM.dll
0x00007ffe7e5d0000 - 0x00007ffe7e5da000 	C:\WINDOWS\SYSTEM32\VERSION.dll
0x00007ffe85c30000 - 0x00007ffe85c42000 	C:\WINDOWS\SYSTEM32\UMPDC.dll
0x00007ffe84610000 - 0x00007ffe84622000 	C:\WINDOWS\SYSTEM32\kernel.appcore.dll
0x00007ffe823f0000 - 0x00007ffe823fa000 	C:\Program Files\Java\jdk-21.0.1\bin\jimage.dll
0x00007ffe7b260000 - 0x00007ffe7b444000 	C:\WINDOWS\SYSTEM32\DBGHELP.DLL
0x00007ffe7b080000 - 0x00007ffe7b0b4000 	C:\WINDOWS\SYSTEM32\dbgcore.DLL
0x00007ffe869d0000 - 0x00007ffe86a52000 	C:\WINDOWS\System32\bcryptPrimitives.dll
0x00007ffe6d9f0000 - 0x00007ffe6da2c000 	C:\Program Files\Java\jdk-21.0.1\bin\jdwp.dll
0x00007ffe82370000 - 0x00007ffe8237f000 	C:\Program Files\Java\jdk-21.0.1\bin\instrument.dll
0x00007ffe6e550000 - 0x00007ffe6e56f000 	C:\Program Files\Java\jdk-21.0.1\bin\java.dll
0x00007ffe89260000 - 0x00007ffe899a5000 	C:\WINDOWS\System32\SHELL32.dll
0x00007ffe848f0000 - 0x00007ffe8508b000 	C:\WINDOWS\SYSTEM32\windows.storage.dll
0x00007ffe88e90000 - 0x00007ffe891e4000 	C:\WINDOWS\System32\combase.dll
0x00007ffe86240000 - 0x00007ffe8626d000 	C:\WINDOWS\SYSTEM32\Wldp.dll
0x00007ffe87740000 - 0x00007ffe877ed000 	C:\WINDOWS\System32\SHCORE.dll
0x00007ffe899b0000 - 0x00007ffe89a05000 	C:\WINDOWS\System32\shlwapi.dll
0x00007ffe86740000 - 0x00007ffe86765000 	C:\WINDOWS\SYSTEM32\profapi.dll
0x00007ffe3f390000 - 0x00007ffe3f467000 	C:\Program Files\Java\jdk-21.0.1\bin\jsvml.dll
0x00007ffe81d00000 - 0x00007ffe81d0c000 	C:\Program Files\Java\jdk-21.0.1\bin\dt_socket.dll
0x00007ffe85c50000 - 0x00007ffe85c8b000 	C:\WINDOWS\SYSTEM32\IPHLPAPI.DLL
0x00007ffe85fa0000 - 0x00007ffe8600a000 	C:\WINDOWS\system32\mswsock.dll
0x00007ffe85c90000 - 0x00007ffe85d5a000 	C:\WINDOWS\SYSTEM32\DNSAPI.dll
0x00007ffe88cc0000 - 0x00007ffe88cc8000 	C:\WINDOWS\System32\NSI.dll
0x00007ffe6d300000 - 0x00007ffe6d30a000 	C:\Windows\System32\rasadhlp.dll
0x00007ffe6db20000 - 0x00007ffe6dba0000 	C:\WINDOWS\System32\fwpuclnt.dll
0x00007ffe6d940000 - 0x00007ffe6d958000 	C:\Program Files\Java\jdk-21.0.1\bin\zip.dll
0x00007ffe81c60000 - 0x00007ffe81c70000 	C:\Program Files\Java\jdk-21.0.1\bin\net.dll
0x00007ffe80bf0000 - 0x00007ffe80cfa000 	C:\WINDOWS\SYSTEM32\WINHTTP.dll
0x00007ffe6d820000 - 0x00007ffe6d836000 	C:\Program Files\Java\jdk-21.0.1\bin\nio.dll
0x00007ffe700a0000 - 0x00007ffe700b0000 	C:\Program Files\Java\jdk-21.0.1\bin\verify.dll
0x00007ffe38bb0000 - 0x00007ffe38d3e000 	C:\Program Files\Java\jdk-21.0.1\bin\awt.dll
0x00007ffe877f0000 - 0x00007ffe878bd000 	C:\WINDOWS\System32\OLEAUT32.dll
0x00007ffe84050000 - 0x00007ffe840e0000 	C:\WINDOWS\SYSTEM32\apphelp.dll
0x00007ffe40500000 - 0x00007ffe4057b000 	C:\Users\Dominus\AppData\Local\Temp\lwjgl_Dominus\3.3.3+5\x64\lwjgl.dll
0x00007ffe6eb70000 - 0x00007ffe6eb7a000 	C:\Program Files\Java\jdk-21.0.1\bin\management.dll
0x00007ffe6d8f0000 - 0x00007ffe6d8fb000 	C:\Program Files\Java\jdk-21.0.1\bin\management_ext.dll
0x00007ffe876d0000 - 0x00007ffe876d8000 	C:\WINDOWS\System32\PSAPI.DLL
0x00007ffe4bfb0000 - 0x00007ffe4bfc7000 	C:\WINDOWS\system32\napinsp.dll
0x00007ffe4bf00000 - 0x00007ffe4bf1b000 	C:\WINDOWS\system32\pnrpnsp.dll
0x00007ffe4c040000 - 0x00007ffe4c055000 	C:\WINDOWS\system32\wshbth.dll
0x00007ffe82210000 - 0x00007ffe8222d000 	C:\WINDOWS\system32\NLAapi.dll
0x00007ffe4c020000 - 0x00007ffe4c032000 	C:\WINDOWS\System32\winrnr.dll
0x00007ffe3f310000 - 0x00007ffe3f383000 	C:\Users\Dominus\AppData\Local\Temp\lwjgl_Dominus\3.3.3+5\x64\lwjgl_nuklear.dll
0x00007ffe3f280000 - 0x00007ffe3f302000 	C:\Users\Dominus\AppData\Local\Temp\lwjgl_Dominus\3.3.3+5\x64\glfw.dll
0x00007ffe6d380000 - 0x00007ffe6d3c5000 	C:\WINDOWS\SYSTEM32\dinput8.dll
0x00007ffe6d470000 - 0x00007ffe6d481000 	C:\WINDOWS\SYSTEM32\xinput1_4.dll
0x00007ffe86820000 - 0x00007ffe8686e000 	C:\WINDOWS\System32\cfgmgr32.dll
0x00007ffe865a0000 - 0x00007ffe865d3000 	C:\WINDOWS\SYSTEM32\DEVOBJ.dll
0x00007ffe845e0000 - 0x00007ffe8460f000 	C:\WINDOWS\SYSTEM32\dwmapi.dll
0x00007ffe7ae20000 - 0x00007ffe7af72000 	C:\WINDOWS\SYSTEM32\inputhost.dll
0x00007ffe81f50000 - 0x00007ffe82046000 	C:\WINDOWS\SYSTEM32\PROPSYS.dll
0x00007ffe833d0000 - 0x00007ffe83525000 	C:\WINDOWS\SYSTEM32\wintypes.dll
0x00007ffe83e00000 - 0x00007ffe83ef2000 	C:\WINDOWS\SYSTEM32\CoreMessaging.dll
0x00007ffe83aa0000 - 0x00007ffe83dfb000 	C:\WINDOWS\SYSTEM32\CoreUIComponents.dll
0x00007ffe85990000 - 0x00007ffe859c3000 	C:\WINDOWS\SYSTEM32\ntmarta.dll
0x00007ffe84220000 - 0x00007ffe842be000 	C:\WINDOWS\system32\uxtheme.dll
0x00007ffe88cd0000 - 0x00007ffe88de4000 	C:\WINDOWS\System32\MSCTF.dll
0x00007ffe4a030000 - 0x00007ffe4a155000 	C:\WINDOWS\SYSTEM32\opengl32.dll
0x00007ffe4ba40000 - 0x00007ffe4ba6c000 	C:\WINDOWS\SYSTEM32\GLU32.dll
0x00007ffe87370000 - 0x00007ffe87419000 	C:\WINDOWS\System32\clbcatq.dll
0x00007ffd9b3b0000 - 0x00007ffd9e047000 	C:\WINDOWS\System32\DriverStore\FileRepository\nv_dispi.inf_amd64_2fe7c165c5dd3267\nvoglv64.dll
0x00007ffe881c0000 - 0x00007ffe8862e000 	C:\WINDOWS\System32\SETUPAPI.dll
0x00007ffe87fd0000 - 0x00007ffe880fb000 	C:\WINDOWS\System32\ole32.dll
0x00007ffe821a0000 - 0x00007ffe821b4000 	C:\WINDOWS\SYSTEM32\WTSAPI32.dll
0x00007ffe863d0000 - 0x00007ffe863e2000 	C:\WINDOWS\SYSTEM32\msasn1.dll
0x00007ffe7e260000 - 0x00007ffe7e291000 	C:\WINDOWS\SYSTEM32\cryptnet.dll
0x00007ffe86870000 - 0x00007ffe869cd000 	C:\WINDOWS\System32\CRYPT32.dll
0x00007ffe7dd00000 - 0x00007ffe7de48000 	C:\WINDOWS\SYSTEM32\drvstore.dll
0x00007ffe86190000 - 0x00007ffe8619c000 	C:\WINDOWS\SYSTEM32\cryptbase.dll
0x00007ffe86cb0000 - 0x00007ffe86d17000 	C:\WINDOWS\System32\WINTRUST.dll
0x00007ffe876b0000 - 0x00007ffe876cd000 	C:\WINDOWS\System32\imagehlp.dll
0x00007ffe861a0000 - 0x00007ffe861b8000 	C:\WINDOWS\SYSTEM32\CRYPTSP.dll
0x00007ffe85870000 - 0x00007ffe858a4000 	C:\WINDOWS\system32\rsaenh.dll
0x00007ffe850a0000 - 0x00007ffe850c3000 	C:\WINDOWS\SYSTEM32\gpapi.dll
0x00007ffe784b0000 - 0x00007ffe7a6cd000 	C:\WINDOWS\System32\DriverStore\FileRepository\nv_dispi.inf_amd64_2fe7c165c5dd3267\nvgpucomp64.dll
0x00007ffe81b70000 - 0x00007ffe81bab000 	C:\WINDOWS\SYSTEM32\dxcore.dll
0x00007ffde0c20000 - 0x00007ffde0ef1000 	C:\WINDOWS\system32\nvspcap64.dll
0x00007ffe85500000 - 0x00007ffe8555b000 	C:\WINDOWS\SYSTEM32\WINSTA.dll
0x00007ffe7af80000 - 0x00007ffe7b079000 	C:\WINDOWS\SYSTEM32\textinputframework.dll
0x00007ffe4a9e0000 - 0x00007ffe4aa3e000 	C:\Users\Dominus\AppData\Local\Temp\lwjgl_Dominus\3.3.3+5\x64\lwjgl_opengl.dll
0x00007ffe389e0000 - 0x00007ffe38ba7000 	C:\Users\Dominus\AppData\Local\Temp\lwjgl_Dominus\3.3.3+5\x64\OpenAL.dll
0x00007ffe7def0000 - 0x00007ffe7df75000 	C:\WINDOWS\System32\MMDevApi.dll
0x00007ffe7d760000 - 0x00007ffe7d8e2000 	C:\WINDOWS\SYSTEM32\AUDIOSES.DLL
0x00007ffe842e0000 - 0x00007ffe842f4000 	C:\WINDOWS\SYSTEM32\resourcepolicyclient.dll
0x00007ffe3e1f0000 - 0x00007ffe3e272000 	C:\Users\Dominus\AppData\Local\Temp\lwjgl_Dominus\3.3.3+5\x64\lwjgl_stb.dll
0x00007ffe65470000 - 0x00007ffe654b2000 	C:\Users\Dominus\AppData\Local\Temp\lwjgl_Dominus\3.3.3+5\x64\lwjgl_par.dll
0x00007ffe86700000 - 0x00007ffe8672e000 	C:\WINDOWS\SYSTEM32\USERENV.dll

dbghelp: loaded successfully - version: 4.0.5 - missing functions: none
symbol engine: initialized successfully - sym options: 0x614 - pdb path: .;C:\Program Files\Java\jdk-21.0.1\bin;C:\WINDOWS\SYSTEM32;C:\Program Files\AVAST Software\Avast;C:\WINDOWS\WinSxS\amd64_microsoft.windows.common-controls_6595b64144ccf1df_6.0.19041.3636_none_60b6a03d71f818d5;C:\Program Files\Java\jdk-21.0.1\bin\server;C:\Users\Dominus\AppData\Local\Temp\lwjgl_Dominus\3.3.3+5\x64;C:\WINDOWS\System32\DriverStore\FileRepository\nv_dispi.inf_amd64_2fe7c165c5dd3267

VM Arguments:
jvm_args: -XX:+ShowCodeDetailsInExceptionMessages -agentlib:jdwp=transport=dt_socket,suspend=y,address=localhost:59237 -javaagent:C:\eclipse\java-2022-09\eclipse\configuration\org.eclipse.osgi\1371\0\.cp\lib\javaagent-shaded.jar -Dfile.encoding=UTF-8 -Dstdout.encoding=UTF-8 -Dstderr.encoding=UTF-8 
java_command: com.avogine.solitavo.Solitavo
java_class_path (initial): C:\projects\solitavo\target\test-classes;C:\projects\solitavo\target\classes;C:\workspace\mavogine\base\target\classes;C:\Users\Dominus\.m2\repository\org\lwjgl\lwjgl\3.3.3\lwjgl-3.3.3.jar;C:\Users\Dominus\.m2\repository\org\lwjgl\lwjgl-openal\3.3.3\lwjgl-openal-3.3.3.jar;C:\Users\Dominus\.m2\repository\org\lwjgl\lwjgl-opengl\3.3.3\lwjgl-opengl-3.3.3.jar;C:\Users\Dominus\.m2\repository\org\lwjgl\lwjgl-glfw\3.3.3\lwjgl-glfw-3.3.3.jar;C:\Users\Dominus\.m2\repository\org\lwjgl\lwjgl-assimp\3.3.3\lwjgl-assimp-3.3.3.jar;C:\Users\Dominus\.m2\repository\org\lwjgl\lwjgl-par\3.3.3\lwjgl-par-3.3.3.jar;C:\Users\Dominus\.m2\repository\org\lwjgl\lwjgl-stb\3.3.3\lwjgl-stb-3.3.3.jar;C:\Users\Dominus\.m2\repository\org\lwjgl\lwjgl-nuklear\3.3.3\lwjgl-nuklear-3.3.3.jar;C:\Users\Dominus\.m2\repository\org\lwjgl\lwjgl\3.3.3\lwjgl-3.3.3-natives-windows.jar;C:\Users\Dominus\.m2\repository\org\lwjgl\lwjgl-openal\3.3.3\lwjgl-openal-3.3.3-natives-windows.jar;C:\Users\Dominus\.m2\repository\org\lwjgl\lwjgl-opengl\3.3.3\lwjgl-opengl-3.3.3-natives-windows.jar;C:\Users\Dominus\.m2\repository\org\lwjgl\lwjgl-glfw\3.3.3\lwjgl-glfw-3.3.3-natives-windows.jar;C:\Users\Dominus\.m2\repository\org\lwjgl\lwjgl-assimp\3.3.3\lwjgl-assimp-3.3.3-natives-windows.jar;C:\Users\Dominus\.m2\repository\org\lwjgl\lwjgl-par\3.3.3\lwjgl-par-3.3.3-natives-windows.jar;C:\Users\Dominus\.m2\repository\org\lwjgl\lwjgl-stb\3.3.3\lwjgl-stb-3.3.3-natives-windows.jar;C:\Users\Dominus\.m2\repository\org\lwjgl\lwjgl-nuklear\3.3.3\lwjgl-nuklear-3.3.3-natives-windows.jar;C:\Users\Dominus\.m2\repository\org\joml\joml\1.10.1\joml-1.10.1.jar;C:\workspace\mavogine\log\target\classes;C:\Users\Dominus\.m2\repository\org\slf4j\slf4j-api\1.7.36\slf4j-api-1.7.36.jar;C:\Users\Dominus\.m2\repository\org\apache\logging\log4j\log4j-api\2.18.0\log4j-api-2.18.0.jar;C:\Users\Dominus\.m2\repository\org\apache\logging\log4j\log4j-core\2.18.0\log4j-core-2.18.0.jar;C:\Users\Dominus\.m2\repository\org\apache\logging\log4j\log4j-slf4j-impl\2.18.0\log4j-slf4j-impl-2.18.0.jar;C:\Users\Dominus\.m2\repository\com\fasterxml\jackson\core\jackson-databind\2.14.0-rc1\jackson-databind-2.14.0-rc1.jar;C:\Users\Dominus\.m2\repository\com\fasterxml\jackson\core\jackson-annotations\2.14.0-rc1\jackson-annotations-2.14.0-rc1.jar;C:\Users\Dominus\.m2\repository\com\fasterxml\jackson\core\jackson-core\2.14.0-rc1\jackson-core-2.14.0-rc1.jar;C:\Users\Dominus\.m2\repository\org\junit\jupiter\junit-jupiter-api\5.8.2\junit-jupiter-api-5.8.2.jar;C:\Users\Dominus\.m2\repository\org\opentest4j\opentest4j\1.2.0\opentest4j-1.2.0.jar;C:\Users\Dominus\.m2\repository\org\junit\platform\junit-platform-commons\1.8.2\junit-platform-commons-1.8.2.jar;C:\Users\Dominus\.m2\repository\org\apiguardian\apiguardian-api\1.1.2\apiguardian-api-1.1.2.jar;C:\Users\Dominus\.m2\repository\org\junit\jupiter\junit-jupiter-params\5.8.2\junit-jupiter-params-5.8.2.jar;C:\Users\Dominus\.m2\repository\org\junit\jupiter\junit-jupiter-engine\5.8.2\junit-jupiter-engine-5.8.2.jar;C:\Users\Dominus\.m2\repository\org\junit\platform\junit-platform-engine\1.8.2\junit-platform-engine-1.8.2.jar;C:\Users\Dominus\.m2\repository\org\joml\joml-primitives\1.10.0\joml-primitives-1.10.0.jar
Launcher Type: SUN_STANDARD

[Global flags]
     intx CICompilerCount                          = 12                                        {product} {ergonomic}
     uint ConcGCThreads                            = 3                                         {product} {ergonomic}
     uint G1ConcRefinementThreads                  = 13                                        {product} {ergonomic}
   size_t G1HeapRegionSize                         = 4194304                                   {product} {ergonomic}
    uintx GCDrainStackTargetSize                   = 64                                        {product} {ergonomic}
   size_t InitialHeapSize                          = 536870912                                 {product} {ergonomic}
   size_t MarkStackSize                            = 4194304                                   {product} {ergonomic}
   size_t MaxHeapSize                              = 8564768768                                {product} {ergonomic}
   size_t MaxNewSize                               = 5138022400                                {product} {ergonomic}
   size_t MinHeapDeltaBytes                        = 4194304                                   {product} {ergonomic}
   size_t MinHeapSize                              = 8388608                                   {product} {ergonomic}
    uintx NonNMethodCodeHeapSize                   = 7602480                                {pd product} {ergonomic}
    uintx NonProfiledCodeHeapSize                  = 122027880                              {pd product} {ergonomic}
    uintx ProfiledCodeHeapSize                     = 122027880                              {pd product} {ergonomic}
    uintx ReservedCodeCacheSize                    = 251658240                              {pd product} {ergonomic}
     bool SegmentedCodeCache                       = true                                      {product} {ergonomic}
     bool ShowCodeDetailsInExceptionMessages       = true                                   {manageable} {command line}
   size_t SoftMaxHeapSize                          = 8564768768                             {manageable} {ergonomic}
     bool UseCompressedOops                        = true                           {product lp64_product} {ergonomic}
     bool UseG1GC                                  = true                                      {product} {ergonomic}
     bool UseLargePagesIndividualAllocation        = false                                  {pd product} {ergonomic}

Logging:
Log output configuration:
 #0: stdout all=warning uptime,level,tags foldmultilines=false
 #1: stderr all=off uptime,level,tags foldmultilines=false

Environment Variables:
JAVA_HOME=C:\Program Files\Java\jdk-17
PATH=C:\Program Files\Common Files\Oracle\Java\javapath;C:\Program Files\Java\jdk-17\bin;C:\Program Files (x86)\Common Files\Microsoft Shared\Windows Live;C:\Windows\system32;C:\Windows;C:\Windows\System32\Wbem;C:\Windows\System32\WindowsPowerShell\v1.0\;C:\Program Files (x86)\NVIDIA Corporation\PhysX\Common;C:\Program Files (x86)\GtkSharp\2.12\bin;C:\Program Files\NVIDIA Corporation\NVIDIA NvDLISR;C:\HashiCorp\Vagrant\bin;C:\WINDOWS\system32;C:\WINDOWS;C:\WINDOWS\System32\Wbem;C:\WINDOWS\System32\WindowsPowerShell\v1.0\;C:\WINDOWS\System32\OpenSSH\;C:\MinGW\bin;C:\Program Files\dotnet\;C:\Program Files\Git\cmd;C:\path\apache-ant-1.10.1/bin;C:\Program Files\Java\jdk-17\bin;C:\bin\apache-maven-3.9.2\bin;C:\MinGW\bin;C:\bin\gradle-6.3\bin;C:\Users\Dominus\AppData\Local\Programs\Microsoft VS Code\bin;C:\Users\Dominus\AppData\Local\Microsoft\WindowsApps;
USERNAME=Dominus
OS=Windows_NT
PROCESSOR_IDENTIFIER=AMD64 Family 25 Model 33 Stepping 0, AuthenticAMD
TMP=C:\Users\Dominus\AppData\Local\Temp
TEMP=C:\Users\Dominus\AppData\Local\Temp




Periodic native trim disabled

---------------  S Y S T E M  ---------------

OS:
 Windows 10 , 64 bit Build 19041 (10.0.19041.3636)
OS uptime: 4 days 5:02 hours

CPU: total 16 (initial active 16) (16 cores per cpu, 2 threads per core) family 25 model 33 stepping 0 microcode 0x0, cx8, cmov, fxsr, ht, mmx, 3dnowpref, sse, sse2, sse3, ssse3, sse4a, sse4.1, sse4.2, popcnt, lzcnt, tsc, tscinvbit, avx, avx2, aes, erms, clmul, bmi1, bmi2, adx, sha, fma, vzeroupper, clflush, clflushopt, rdtscp, rdpid, fsrm, f16c, pku, cet_ss
Processor Information for all 16 processors :
  Max Mhz: 3801, Current Mhz: 3801, Mhz Limit: 3801

Memory: 4k page, system-wide physical 32671M (14629M free)
TotalPageFile size 50279M (AvailPageFile size 19333M)
current process WorkingSet (physical memory assigned to process): 224M, peak: 283M
current process commit charge ("private bytes"): 377M, peak: 832M

vm_info: OpenJDK 64-Bit Server VM (21.0.1+12-29) for windows-amd64 JRE (21.0.1+12-29), built on 2023-10-05T13:27:09Z by "mach5one" with MS VC++ 17.1 (VS2022)

END.
